DEBUG 2012-12-08 15:53:22,669 views form <tr><th><label for="id_application">Application:</label></th><td><input type="text" name="application" value="39" id="id_application" /></td></tr>
<tr><th><label for="id_program">Program:</label></th><td><input type="text" name="program" value="6026" id="id_program" /></td></tr>
<tr><th><label for="id_unit">Unit:</label></th><td><ul class="errorlist"><li>Select a valid choice. 6 is not one of the available choices.</li></ul><select multiple="multiple" name="unit" id="id_unit">
</select></td></tr>
<tr><th><label for="id_division">Division:</label></th><td><ul class="errorlist"><li>Select a valid choice. LOB is not one of the available choices.</li></ul><select multiple="multiple" name="division" id="id_division">
</select></td></tr>
<tr><th><label for="id_location">Location:</label></th><td><ul class="errorlist"><li>Select a valid choice. 본사 is not one of the available choices.</li></ul><select multiple="multiple" name="location" id="id_location">
</select></td></tr>
<tr><th><label for="id_department">Department:</label></th><td><ul class="errorlist"><li>Select a valid choice. PSA02 is not one of the available choices.</li></ul><select multiple="multiple" name="department" id="id_department">
</select></td></tr>
<tr><th><label for="id_title">Title:</label></th><td><input type="text" name="title" value="title" id="id_title" /></td></tr>
<tr><th><label for="id_body">Body:</label></th><td><input type="text" name="body" value="&lt;p&gt;
	ddd&lt;/p&gt;
" id="id_body" /></td></tr>
<tr><th><label for="id_toDate">Todate:</label></th><td><input type="text" name="toDate" value="2012-01-30" id="id_toDate" /></td></tr>
<tr><th><label for="id_fromDate">Fromdate:</label></th><td><input type="text" name="fromDate" value="2012-01-01" id="id_fromDate" /></td></tr>
DEBUG 2012-12-08 16:06:08,288 views application 40
DEBUG 2012-12-08 16:06:08,288 views program 6307
DEBUG 2012-12-08 16:06:08,289 views unit [u'3', u'6']
DEBUG 2012-12-08 16:06:08,289 views division [u'LHV', u'LPS']
DEBUG 2012-12-08 16:06:08,289 views location [u'?\uac00\uc591', u'\ubcf8\uc0ac', u'\ubd80\uc0b0', u'\uc548\uc591']
DEBUG 2012-12-08 16:06:08,289 views department [u'PSA01', u'KB998', u'PSA02', u'PKD14', u'PKD21']
DEBUG 2012-12-08 16:06:08,289 views title title
DEBUG 2012-12-08 16:06:08,289 views body <p>
	body</p>

DEBUG 2012-12-08 16:06:08,289 views fromDate 2012-01-01
DEBUG 2012-12-08 16:06:08,289 views toDate 2012-01-30
